2016-09-19 15:08:51,615 [main] ERROR SpringApplication - Application startup failed
org.springframework.beans.factory.BeanCreationException: Error creating bean with name 'handlerExceptionResolver' defined in class path resource [org/springframework/web/servlet/config/annotation/DelegatingWebMvcConfiguration.class]: Bean instantiation via factory method failed; nested exception is org.springframework.beans.BeanInstantiationException: Failed to instantiate [org.springframework.web.servlet.HandlerExceptionResolver]: Factory method 'handlerExceptionResolver' threw exception; nested exception is java.lang.IllegalStateException: Ambiguous @ExceptionHandler method mapped for [class org.springframework.http.converter.HttpMessageNotReadableException]: {public org.springframework.http.ResponseEntity com.example.config.DefaultExceptionHandler.handleBadInput(org.springframework.http.converter.HttpMessageNotReadableException), public final org.springframework.http.ResponseEntity org.springframework.web.servlet.mvc.method.annotation.ResponseEntityExceptionHandler.handleException(java.lang.Exception,org.springframework.web.context.request.WebRequest)}
	at org.springframework.beans.factory.support.ConstructorResolver.instantiateUsingFactoryMethod(ConstructorResolver.java:599) ~[spring-beans-4.2.3.RELEASE.jar:4.2.3.RELEASE]
	at org.springframework.beans.factory.support.AbstractAutowireCapableBeanFactory.instantiateUsingFactoryMethod(AbstractAutowireCapableBeanFactory.java:1123) ~[spring-beans-4.2.3.RELEASE.jar:4.2.3.RELEASE]
	at org.springframework.beans.factory.support.AbstractAutowireCapableBeanFactory.createBeanInstance(AbstractAutowireCapableBeanFactory.java:1018) ~[spring-beans-4.2.3.RELEASE.jar:4.2.3.RELEASE]
	at org.springframework.beans.factory.support.AbstractAutowireCapableBeanFactory.doCreateBean(AbstractAutowireCapableBeanFactory.java:510) ~[spring-beans-4.2.3.RELEASE.jar:4.2.3.RELEASE]
	at org.springframework.beans.factory.support.AbstractAutowireCapableBeanFactory.createBean(AbstractAutowireCapableBeanFactory.java:482) ~[spring-beans-4.2.3.RELEASE.jar:4.2.3.RELEASE]
	at org.springframework.beans.factory.support.AbstractBeanFactory$1.getObject(AbstractBeanFactory.java:306) ~[spring-beans-4.2.3.RELEASE.jar:4.2.3.RELEASE]
	at org.springframework.beans.factory.support.DefaultSingletonBeanRegistry.getSingleton(DefaultSingletonBeanRegistry.java:230) ~[spring-beans-4.2.3.RELEASE.jar:4.2.3.RELEASE]
	at org.springframework.beans.factory.support.AbstractBeanFactory.doGetBean(AbstractBeanFactory.java:302) ~[spring-beans-4.2.3.RELEASE.jar:4.2.3.RELEASE]
	at org.springframework.beans.factory.support.AbstractBeanFactory.getBean(AbstractBeanFactory.java:197) ~[spring-beans-4.2.3.RELEASE.jar:4.2.3.RELEASE]
	at org.springframework.beans.factory.support.DefaultListableBeanFactory.preInstantiateSingletons(DefaultListableBeanFactory.java:772) ~[spring-beans-4.2.3.RELEASE.jar:4.2.3.RELEASE]
	at org.springframework.context.support.AbstractApplicationContext.finishBeanFactoryInitialization(AbstractApplicationContext.java:838) ~[spring-context-4.2.3.RELEASE.jar:4.2.3.RELEASE]
	at org.springframework.context.support.AbstractApplicationContext.refresh(AbstractApplicationContext.java:537) ~[spring-context-4.2.3.RELEASE.jar:4.2.3.RELEASE]
	at org.springframework.boot.context.embedded.EmbeddedWebApplicationContext.refresh(EmbeddedWebApplicationContext.java:118) ~[spring-boot-1.3.0.RELEASE.jar:1.3.0.RELEASE]
	at org.springframework.boot.SpringApplication.refresh(SpringApplication.java:752) [spring-boot-1.3.0.RELEASE.jar:1.3.0.RELEASE]
	at org.springframework.boot.SpringApplication.doRun(SpringApplication.java:347) [spring-boot-1.3.0.RELEASE.jar:1.3.0.RELEASE]
	at org.springframework.boot.SpringApplication.run(SpringApplication.java:295) [spring-boot-1.3.0.RELEASE.jar:1.3.0.RELEASE]
	at org.springframework.boot.SpringApplication.run(SpringApplication.java:1112) [spring-boot-1.3.0.RELEASE.jar:1.3.0.RELEASE]
	at org.springframework.boot.SpringApplication.run(SpringApplication.java:1101) [spring-boot-1.3.0.RELEASE.jar:1.3.0.RELEASE]
	at com.example.config.SpringBootDemoApplication.main(SpringBootDemoApplication.java:13) [classes/:na]
	at sun.reflect.NativeMethodAccessorImpl.invoke0(Native Method) ~[na:1.7.0_71]
	at sun.reflect.NativeMethodAccessorImpl.invoke(NativeMethodAccessorImpl.java:57) ~[na:1.7.0_71]
	at sun.reflect.DelegatingMethodAccessorImpl.invoke(DelegatingMethodAccessorImpl.java:43) ~[na:1.7.0_71]
	at java.lang.reflect.Method.invoke(Method.java:606) ~[na:1.7.0_71]
	at org.springframework.boot.maven.AbstractRunMojo$LaunchRunner.run(AbstractRunMojo.java:467) [spring-boot-maven-plugin-1.3.0.RELEASE.jar:1.3.0.RELEASE]
	at java.lang.Thread.run(Thread.java:745) [na:1.7.0_71]
Caused by: org.springframework.beans.BeanInstantiationException: Failed to instantiate [org.springframework.web.servlet.HandlerExceptionResolver]: Factory method 'handlerExceptionResolver' threw exception; nested exception is java.lang.IllegalStateException: Ambiguous @ExceptionHandler method mapped for [class org.springframework.http.converter.HttpMessageNotReadableException]: {public org.springframework.http.ResponseEntity com.example.config.DefaultExceptionHandler.handleBadInput(org.springframework.http.converter.HttpMessageNotReadableException), public final org.springframework.http.ResponseEntity org.springframework.web.servlet.mvc.method.annotation.ResponseEntityExceptionHandler.handleException(java.lang.Exception,org.springframework.web.context.request.WebRequest)}
	at org.springframework.beans.factory.support.SimpleInstantiationStrategy.instantiate(SimpleInstantiationStrategy.java:189) ~[spring-beans-4.2.3.RELEASE.jar:4.2.3.RELEASE]
	at org.springframework.beans.factory.support.ConstructorResolver.instantiateUsingFactoryMethod(ConstructorResolver.java:588) ~[spring-beans-4.2.3.RELEASE.jar:4.2.3.RELEASE]
	... 24 common frames omitted
Caused by: java.lang.IllegalStateException: Ambiguous @ExceptionHandler method mapped for [class org.springframework.http.converter.HttpMessageNotReadableException]: {public org.springframework.http.ResponseEntity com.example.config.DefaultExceptionHandler.handleBadInput(org.springframework.http.converter.HttpMessageNotReadableException), public final org.springframework.http.ResponseEntity org.springframework.web.servlet.mvc.method.annotation.ResponseEntityExceptionHandler.handleException(java.lang.Exception,org.springframework.web.context.request.WebRequest)}
	at org.springframework.web.method.annotation.ExceptionHandlerMethodResolver.addExceptionMapping(ExceptionHandlerMethodResolver.java:108) ~[spring-web-4.2.3.RELEASE.jar:4.2.3.RELEASE]
	at org.springframework.web.method.annotation.ExceptionHandlerMethodResolver.<init>(ExceptionHandlerMethodResolver.java:75) ~[spring-web-4.2.3.RELEASE.jar:4.2.3.RELEASE]
	at org.springframework.web.servlet.mvc.method.annotation.ExceptionHandlerExceptionResolver.initExceptionHandlerAdviceCache(ExceptionHandlerExceptionResolver.java:264) ~[spring-webmvc-4.2.3.RELEASE.jar:4.2.3.RELEASE]
	at org.springframework.web.servlet.mvc.method.annotation.ExceptionHandlerExceptionResolver.afterPropertiesSet(ExceptionHandlerExceptionResolver.java:240) ~[spring-webmvc-4.2.3.RELEASE.jar:4.2.3.RELEASE]
	at org.springframework.web.servlet.config.annotation.WebMvcConfigurationSupport.addDefaultHandlerExceptionResolvers(WebMvcConfigurationSupport.java:821) ~[spring-webmvc-4.2.3.RELEASE.jar:4.2.3.RELEASE]
	at org.springframework.web.servlet.config.annotation.WebMvcConfigurationSupport.handlerExceptionResolver(WebMvcConfigurationSupport.java:778) ~[spring-webmvc-4.2.3.RELEASE.jar:4.2.3.RELEASE]
	at org.springframework.web.servlet.config.annotation.DelegatingWebMvcConfiguration$$EnhancerBySpringCGLIB$$38717faa.CGLIB$handlerExceptionResolver$40(<generated>) ~[spring-webmvc-4.2.3.RELEASE.jar:4.2.3.RELEASE]
	at org.springframework.web.servlet.config.annotation.DelegatingWebMvcConfiguration$$EnhancerBySpringCGLIB$$38717faa$$FastClassBySpringCGLIB$$4b4c9996.invoke(<generated>) ~[spring-webmvc-4.2.3.RELEASE.jar:4.2.3.RELEASE]
	at org.springframework.cglib.proxy.MethodProxy.invokeSuper(MethodProxy.java:228) ~[spring-core-4.2.3.RELEASE.jar:4.2.3.RELEASE]
	at org.springframework.context.annotation.ConfigurationClassEnhancer$BeanMethodInterceptor.intercept(ConfigurationClassEnhancer.java:318) ~[spring-context-4.2.3.RELEASE.jar:4.2.3.RELEASE]
	at org.springframework.web.servlet.config.annotation.DelegatingWebMvcConfiguration$$EnhancerBySpringCGLIB$$38717faa.handlerExceptionResolver(<generated>) ~[spring-webmvc-4.2.3.RELEASE.jar:4.2.3.RELEASE]
	at sun.reflect.NativeMethodAccessorImpl.invoke0(Native Method) ~[na:1.7.0_71]
	at sun.reflect.NativeMethodAccessorImpl.invoke(NativeMethodAccessorImpl.java:57) ~[na:1.7.0_71]
	at sun.reflect.DelegatingMethodAccessorImpl.invoke(DelegatingMethodAccessorImpl.java:43) ~[na:1.7.0_71]
	at java.lang.reflect.Method.invoke(Method.java:606) ~[na:1.7.0_71]
	at org.springframework.beans.factory.support.SimpleInstantiationStrategy.instantiate(SimpleInstantiationStrategy.java:162) ~[spring-beans-4.2.3.RELEASE.jar:4.2.3.RELEASE]
	... 25 common frames omitted
2016-09-19 15:09:46,111 [main] ERROR SpringApplication - Application startup failed
org.springframework.beans.factory.BeanCreationException: Error creating bean with name 'handlerExceptionResolver' defined in class path resource [org/springframework/web/servlet/config/annotation/DelegatingWebMvcConfiguration.class]: Bean instantiation via factory method failed; nested exception is org.springframework.beans.BeanInstantiationException: Failed to instantiate [org.springframework.web.servlet.HandlerExceptionResolver]: Factory method 'handlerExceptionResolver' threw exception; nested exception is java.lang.IllegalStateException: Ambiguous @ExceptionHandler method mapped for [class org.springframework.http.converter.HttpMessageNotReadableException]: {public org.springframework.http.ResponseEntity com.example.config.DefaultExceptionHandler.handleBadInput(org.springframework.http.converter.HttpMessageNotReadableException), public final org.springframework.http.ResponseEntity org.springframework.web.servlet.mvc.method.annotation.ResponseEntityExceptionHandler.handleException(java.lang.Exception,org.springframework.web.context.request.WebRequest)}
	at org.springframework.beans.factory.support.ConstructorResolver.instantiateUsingFactoryMethod(ConstructorResolver.java:599) ~[spring-beans-4.2.3.RELEASE.jar:4.2.3.RELEASE]
	at org.springframework.beans.factory.support.AbstractAutowireCapableBeanFactory.instantiateUsingFactoryMethod(AbstractAutowireCapableBeanFactory.java:1123) ~[spring-beans-4.2.3.RELEASE.jar:4.2.3.RELEASE]
	at org.springframework.beans.factory.support.AbstractAutowireCapableBeanFactory.createBeanInstance(AbstractAutowireCapableBeanFactory.java:1018) ~[spring-beans-4.2.3.RELEASE.jar:4.2.3.RELEASE]
	at org.springframework.beans.factory.support.AbstractAutowireCapableBeanFactory.doCreateBean(AbstractAutowireCapableBeanFactory.java:510) ~[spring-beans-4.2.3.RELEASE.jar:4.2.3.RELEASE]
	at org.springframework.beans.factory.support.AbstractAutowireCapableBeanFactory.createBean(AbstractAutowireCapableBeanFactory.java:482) ~[spring-beans-4.2.3.RELEASE.jar:4.2.3.RELEASE]
	at org.springframework.beans.factory.support.AbstractBeanFactory$1.getObject(AbstractBeanFactory.java:306) ~[spring-beans-4.2.3.RELEASE.jar:4.2.3.RELEASE]
	at org.springframework.beans.factory.support.DefaultSingletonBeanRegistry.getSingleton(DefaultSingletonBeanRegistry.java:230) ~[spring-beans-4.2.3.RELEASE.jar:4.2.3.RELEASE]
	at org.springframework.beans.factory.support.AbstractBeanFactory.doGetBean(AbstractBeanFactory.java:302) ~[spring-beans-4.2.3.RELEASE.jar:4.2.3.RELEASE]
	at org.springframework.beans.factory.support.AbstractBeanFactory.getBean(AbstractBeanFactory.java:197) ~[spring-beans-4.2.3.RELEASE.jar:4.2.3.RELEASE]
	at org.springframework.beans.factory.support.DefaultListableBeanFactory.preInstantiateSingletons(DefaultListableBeanFactory.java:772) ~[spring-beans-4.2.3.RELEASE.jar:4.2.3.RELEASE]
	at org.springframework.context.support.AbstractApplicationContext.finishBeanFactoryInitialization(AbstractApplicationContext.java:838) ~[spring-context-4.2.3.RELEASE.jar:4.2.3.RELEASE]
	at org.springframework.context.support.AbstractApplicationContext.refresh(AbstractApplicationContext.java:537) ~[spring-context-4.2.3.RELEASE.jar:4.2.3.RELEASE]
	at org.springframework.boot.context.embedded.EmbeddedWebApplicationContext.refresh(EmbeddedWebApplicationContext.java:118) ~[spring-boot-1.3.0.RELEASE.jar:1.3.0.RELEASE]
	at org.springframework.boot.SpringApplication.refresh(SpringApplication.java:752) [spring-boot-1.3.0.RELEASE.jar:1.3.0.RELEASE]
	at org.springframework.boot.SpringApplication.doRun(SpringApplication.java:347) [spring-boot-1.3.0.RELEASE.jar:1.3.0.RELEASE]
	at org.springframework.boot.SpringApplication.run(SpringApplication.java:295) [spring-boot-1.3.0.RELEASE.jar:1.3.0.RELEASE]
	at org.springframework.boot.SpringApplication.run(SpringApplication.java:1112) [spring-boot-1.3.0.RELEASE.jar:1.3.0.RELEASE]
	at org.springframework.boot.SpringApplication.run(SpringApplication.java:1101) [spring-boot-1.3.0.RELEASE.jar:1.3.0.RELEASE]
	at com.example.config.SpringBootDemoApplication.main(SpringBootDemoApplication.java:13) [classes/:na]
	at sun.reflect.NativeMethodAccessorImpl.invoke0(Native Method) ~[na:1.7.0_71]
	at sun.reflect.NativeMethodAccessorImpl.invoke(NativeMethodAccessorImpl.java:57) ~[na:1.7.0_71]
	at sun.reflect.DelegatingMethodAccessorImpl.invoke(DelegatingMethodAccessorImpl.java:43) ~[na:1.7.0_71]
	at java.lang.reflect.Method.invoke(Method.java:606) ~[na:1.7.0_71]
	at org.springframework.boot.maven.AbstractRunMojo$LaunchRunner.run(AbstractRunMojo.java:467) [spring-boot-maven-plugin-1.3.0.RELEASE.jar:1.3.0.RELEASE]
	at java.lang.Thread.run(Thread.java:745) [na:1.7.0_71]
Caused by: org.springframework.beans.BeanInstantiationException: Failed to instantiate [org.springframework.web.servlet.HandlerExceptionResolver]: Factory method 'handlerExceptionResolver' threw exception; nested exception is java.lang.IllegalStateException: Ambiguous @ExceptionHandler method mapped for [class org.springframework.http.converter.HttpMessageNotReadableException]: {public org.springframework.http.ResponseEntity com.example.config.DefaultExceptionHandler.handleBadInput(org.springframework.http.converter.HttpMessageNotReadableException), public final org.springframework.http.ResponseEntity org.springframework.web.servlet.mvc.method.annotation.ResponseEntityExceptionHandler.handleException(java.lang.Exception,org.springframework.web.context.request.WebRequest)}
	at org.springframework.beans.factory.support.SimpleInstantiationStrategy.instantiate(SimpleInstantiationStrategy.java:189) ~[spring-beans-4.2.3.RELEASE.jar:4.2.3.RELEASE]
	at org.springframework.beans.factory.support.ConstructorResolver.instantiateUsingFactoryMethod(ConstructorResolver.java:588) ~[spring-beans-4.2.3.RELEASE.jar:4.2.3.RELEASE]
	... 24 common frames omitted
Caused by: java.lang.IllegalStateException: Ambiguous @ExceptionHandler method mapped for [class org.springframework.http.converter.HttpMessageNotReadableException]: {public org.springframework.http.ResponseEntity com.example.config.DefaultExceptionHandler.handleBadInput(org.springframework.http.converter.HttpMessageNotReadableException), public final org.springframework.http.ResponseEntity org.springframework.web.servlet.mvc.method.annotation.ResponseEntityExceptionHandler.handleException(java.lang.Exception,org.springframework.web.context.request.WebRequest)}
	at org.springframework.web.method.annotation.ExceptionHandlerMethodResolver.addExceptionMapping(ExceptionHandlerMethodResolver.java:108) ~[spring-web-4.2.3.RELEASE.jar:4.2.3.RELEASE]
	at org.springframework.web.method.annotation.ExceptionHandlerMethodResolver.<init>(ExceptionHandlerMethodResolver.java:75) ~[spring-web-4.2.3.RELEASE.jar:4.2.3.RELEASE]
	at org.springframework.web.servlet.mvc.method.annotation.ExceptionHandlerExceptionResolver.initExceptionHandlerAdviceCache(ExceptionHandlerExceptionResolver.java:264) ~[spring-webmvc-4.2.3.RELEASE.jar:4.2.3.RELEASE]
	at org.springframework.web.servlet.mvc.method.annotation.ExceptionHandlerExceptionResolver.afterPropertiesSet(ExceptionHandlerExceptionResolver.java:240) ~[spring-webmvc-4.2.3.RELEASE.jar:4.2.3.RELEASE]
	at org.springframework.web.servlet.config.annotation.WebMvcConfigurationSupport.addDefaultHandlerExceptionResolvers(WebMvcConfigurationSupport.java:821) ~[spring-webmvc-4.2.3.RELEASE.jar:4.2.3.RELEASE]
	at org.springframework.web.servlet.config.annotation.WebMvcConfigurationSupport.handlerExceptionResolver(WebMvcConfigurationSupport.java:778) ~[spring-webmvc-4.2.3.RELEASE.jar:4.2.3.RELEASE]
	at org.springframework.web.servlet.config.annotation.DelegatingWebMvcConfiguration$$EnhancerBySpringCGLIB$$5db1d507.CGLIB$handlerExceptionResolver$41(<generated>) ~[spring-webmvc-4.2.3.RELEASE.jar:4.2.3.RELEASE]
	at org.springframework.web.servlet.config.annotation.DelegatingWebMvcConfiguration$$EnhancerBySpringCGLIB$$5db1d507$$FastClassBySpringCGLIB$$7c153bde.invoke(<generated>) ~[spring-webmvc-4.2.3.RELEASE.jar:4.2.3.RELEASE]
	at org.springframework.cglib.proxy.MethodProxy.invokeSuper(MethodProxy.java:228) ~[spring-core-4.2.3.RELEASE.jar:4.2.3.RELEASE]
	at org.springframework.context.annotation.ConfigurationClassEnhancer$BeanMethodInterceptor.intercept(ConfigurationClassEnhancer.java:318) ~[spring-context-4.2.3.RELEASE.jar:4.2.3.RELEASE]
	at org.springframework.web.servlet.config.annotation.DelegatingWebMvcConfiguration$$EnhancerBySpringCGLIB$$5db1d507.handlerExceptionResolver(<generated>) ~[spring-webmvc-4.2.3.RELEASE.jar:4.2.3.RELEASE]
	at sun.reflect.NativeMethodAccessorImpl.invoke0(Native Method) ~[na:1.7.0_71]
	at sun.reflect.NativeMethodAccessorImpl.invoke(NativeMethodAccessorImpl.java:57) ~[na:1.7.0_71]
	at sun.reflect.DelegatingMethodAccessorImpl.invoke(DelegatingMethodAccessorImpl.java:43) ~[na:1.7.0_71]
	at java.lang.reflect.Method.invoke(Method.java:606) ~[na:1.7.0_71]
	at org.springframework.beans.factory.support.SimpleInstantiationStrategy.instantiate(SimpleInstantiationStrategy.java:162) ~[spring-beans-4.2.3.RELEASE.jar:4.2.3.RELEASE]
	... 25 common frames omitted
2016-09-19 16:43:15,585 [main] ERROR PropertiesConfigurationFactory - Properties configuration failed validation
2016-09-19 16:43:15,603 [main] ERROR PropertiesConfigurationFactory - Field error in object 'connection' on field 'remoteAddress': rejected value []; codes [NotBlank.connection.remoteAddress,NotBlank.remoteAddress,NotBlank.java.lang.String,NotBlank]; arguments [org.springframework.context.support.DefaultMessageSourceResolvable: codes [connection.remoteAddress,remoteAddress]; arguments []; default message [remoteAddress]]; default message [不能为空]
2016-09-19 16:43:15,637 [main] ERROR PropertiesConfigurationFactory - Properties configuration failed validation
2016-09-19 16:43:15,637 [main] ERROR PropertiesConfigurationFactory - Field error in object 'connection' on field 'remoteAddress': rejected value []; codes [NotBlank.connection.remoteAddress,NotBlank.remoteAddress,NotBlank.java.lang.String,NotBlank]; arguments [org.springframework.context.support.DefaultMessageSourceResolvable: codes [connection.remoteAddress,remoteAddress]; arguments []; default message [remoteAddress]]; default message [不能为空]
2016-09-19 16:43:15,646 [main] ERROR SpringApplication - Application startup failed
org.springframework.beans.factory.BeanCreationException: Error creating bean with name 'connectionProperties': Could not bind properties to ConnectionProperties (prefix=connection, ignoreInvalidFields=false, ignoreUnknownFields=true, ignoreNestedProperties=false); nested exception is org.springframework.validation.BindException: org.springframework.boot.bind.RelaxedDataBinder$RelaxedBeanPropertyBindingResult: 1 errors
Field error in object 'connection' on field 'remoteAddress': rejected value []; codes [NotBlank.connection.remoteAddress,NotBlank.remoteAddress,NotBlank.java.lang.String,NotBlank]; arguments [org.springframework.context.support.DefaultMessageSourceResolvable: codes [connection.remoteAddress,remoteAddress]; arguments []; default message [remoteAddress]]; default message [不能为空]
	at org.springframework.boot.context.properties.ConfigurationPropertiesBindingPostProcessor.postProcessBeforeInitialization(ConfigurationPropertiesBindingPostProcessor.java:323) ~[spring-boot-1.3.0.RELEASE.jar:1.3.0.RELEASE]
	at org.springframework.boot.context.properties.ConfigurationPropertiesBindingPostProcessor.postProcessBeforeInitialization(ConfigurationPropertiesBindingPostProcessor.java:273) ~[spring-boot-1.3.0.RELEASE.jar:1.3.0.RELEASE]
	at org.springframework.beans.factory.support.AbstractAutowireCapableBeanFactory.applyBeanPostProcessorsBeforeInitialization(AbstractAutowireCapableBeanFactory.java:408) ~[spring-beans-4.2.3.RELEASE.jar:4.2.3.RELEASE]
	at org.springframework.beans.factory.support.AbstractAutowireCapableBeanFactory.initializeBean(AbstractAutowireCapableBeanFactory.java:1570) ~[spring-beans-4.2.3.RELEASE.jar:4.2.3.RELEASE]
	at org.springframework.beans.factory.support.AbstractAutowireCapableBeanFactory.doCreateBean(AbstractAutowireCapableBeanFactory.java:545) ~[spring-beans-4.2.3.RELEASE.jar:4.2.3.RELEASE]
	at org.springframework.beans.factory.support.AbstractAutowireCapableBeanFactory.createBean(AbstractAutowireCapableBeanFactory.java:482) ~[spring-beans-4.2.3.RELEASE.jar:4.2.3.RELEASE]
	at org.springframework.beans.factory.support.AbstractBeanFactory$1.getObject(AbstractBeanFactory.java:306) ~[spring-beans-4.2.3.RELEASE.jar:4.2.3.RELEASE]
	at org.springframework.beans.factory.support.DefaultSingletonBeanRegistry.getSingleton(DefaultSingletonBeanRegistry.java:230) ~[spring-beans-4.2.3.RELEASE.jar:4.2.3.RELEASE]
	at org.springframework.beans.factory.support.AbstractBeanFactory.doGetBean(AbstractBeanFactory.java:302) ~[spring-beans-4.2.3.RELEASE.jar:4.2.3.RELEASE]
	at org.springframework.beans.factory.support.AbstractBeanFactory.getBean(AbstractBeanFactory.java:197) ~[spring-beans-4.2.3.RELEASE.jar:4.2.3.RELEASE]
	at org.springframework.beans.factory.support.DefaultListableBeanFactory.preInstantiateSingletons(DefaultListableBeanFactory.java:772) ~[spring-beans-4.2.3.RELEASE.jar:4.2.3.RELEASE]
	at org.springframework.context.support.AbstractApplicationContext.finishBeanFactoryInitialization(AbstractApplicationContext.java:838) ~[spring-context-4.2.3.RELEASE.jar:4.2.3.RELEASE]
	at org.springframework.context.support.AbstractApplicationContext.refresh(AbstractApplicationContext.java:537) ~[spring-context-4.2.3.RELEASE.jar:4.2.3.RELEASE]
	at org.springframework.boot.context.embedded.EmbeddedWebApplicationContext.refresh(EmbeddedWebApplicationContext.java:118) ~[spring-boot-1.3.0.RELEASE.jar:1.3.0.RELEASE]
	at org.springframework.boot.SpringApplication.refresh(SpringApplication.java:752) [spring-boot-1.3.0.RELEASE.jar:1.3.0.RELEASE]
	at org.springframework.boot.SpringApplication.doRun(SpringApplication.java:347) [spring-boot-1.3.0.RELEASE.jar:1.3.0.RELEASE]
	at org.springframework.boot.SpringApplication.run(SpringApplication.java:295) [spring-boot-1.3.0.RELEASE.jar:1.3.0.RELEASE]
	at org.springframework.boot.SpringApplication.run(SpringApplication.java:1112) [spring-boot-1.3.0.RELEASE.jar:1.3.0.RELEASE]
	at org.springframework.boot.SpringApplication.run(SpringApplication.java:1101) [spring-boot-1.3.0.RELEASE.jar:1.3.0.RELEASE]
	at com.example.config.SpringBootDemoApplication.main(SpringBootDemoApplication.java:16) [classes/:na]
	at sun.reflect.NativeMethodAccessorImpl.invoke0(Native Method) ~[na:1.7.0_71]
	at sun.reflect.NativeMethodAccessorImpl.invoke(NativeMethodAccessorImpl.java:57) ~[na:1.7.0_71]
	at sun.reflect.DelegatingMethodAccessorImpl.invoke(DelegatingMethodAccessorImpl.java:43) ~[na:1.7.0_71]
	at java.lang.reflect.Method.invoke(Method.java:606) ~[na:1.7.0_71]
	at org.springframework.boot.maven.AbstractRunMojo$LaunchRunner.run(AbstractRunMojo.java:467) [spring-boot-maven-plugin-1.3.0.RELEASE.jar:1.3.0.RELEASE]
	at java.lang.Thread.run(Thread.java:745) [na:1.7.0_71]
Caused by: org.springframework.validation.BindException: org.springframework.boot.bind.RelaxedDataBinder$RelaxedBeanPropertyBindingResult: 1 errors
Field error in object 'connection' on field 'remoteAddress': rejected value []; codes [NotBlank.connection.remoteAddress,NotBlank.remoteAddress,NotBlank.java.lang.String,NotBlank]; arguments [org.springframework.context.support.DefaultMessageSourceResolvable: codes [connection.remoteAddress,remoteAddress]; arguments []; default message [remoteAddress]]; default message [不能为空]
	at org.springframework.boot.bind.PropertiesConfigurationFactory.validate(PropertiesConfigurationFactory.java:350) ~[spring-boot-1.3.0.RELEASE.jar:1.3.0.RELEASE]
	at org.springframework.boot.bind.PropertiesConfigurationFactory.doBindPropertiesToTarget(PropertiesConfigurationFactory.java:269) ~[spring-boot-1.3.0.RELEASE.jar:1.3.0.RELEASE]
	at org.springframework.boot.bind.PropertiesConfigurationFactory.bindPropertiesToTarget(PropertiesConfigurationFactory.java:240) ~[spring-boot-1.3.0.RELEASE.jar:1.3.0.RELEASE]
	at org.springframework.boot.context.properties.ConfigurationPropertiesBindingPostProcessor.postProcessBeforeInitialization(ConfigurationPropertiesBindingPostProcessor.java:318) ~[spring-boot-1.3.0.RELEASE.jar:1.3.0.RELEASE]
	... 25 common frames omitted
