2016-09-19 00:38:49,418 [main] INFO SpringBootDemoApplication - Starting SpringBootDemoApplication on majin-PC with PID 12380 (F:\niiwoo\git\spring-boot-demo\target\classes started by zhaoqiang in F:\niiwoo\git\spring-boot-demo)
2016-09-19 00:38:49,419 [main] INFO SpringBootDemoApplication - No profiles are active
2016-09-19 00:38:49,462 [main] INFO AnnotationConfigEmbeddedWebApplicationContext - Refreshing org.springframework.boot.context.embedded.AnnotationConfigEmbeddedWebApplicationContext@75b0127e: startup date [Mon Sep 19 00:38:49 CST 2016]; root of context hierarchy
2016-09-19 00:38:50,581 [main] INFO AutowiredAnnotationBeanPostProcessor - JSR-330 'javax.inject.Inject' annotation found and supported for autowiring
2016-09-19 00:38:51,215 [main] INFO JettyEmbeddedServletContainerFactory - Server initialized with port: 8099
2016-09-19 00:38:51,219 [main] INFO Server - jetty-9.2.14.v20151106
2016-09-19 00:38:51,317 [main] INFO application - Initializing Spring embedded WebApplicationContext
2016-09-19 00:38:51,317 [main] INFO ContextLoader - Root WebApplicationContext: initialization completed in 1855 ms
2016-09-19 00:38:51,515 [main] INFO FilterRegistrationBean - Mapping filter: 'characterEncodingFilter' to: [/*]
2016-09-19 00:38:51,516 [main] INFO FilterRegistrationBean - Mapping filter: 'charsetFilter' to urls: [/*]
2016-09-19 00:38:51,516 [main] INFO ServletRegistrationBean - Mapping servlet: 'dispatcherServlet' to [/]
2016-09-19 00:38:51,689 [main] INFO ContextHandler - Started o.s.b.c.e.j.JettyEmbeddedWebAppContext@119cc5cb{/,file:/C:/Users/zhaoqiang/AppData/Local/Temp/jetty-docbase.4496167129978116036.8099/,AVAILABLE}
2016-09-19 00:38:51,689 [main] INFO Server - Started @6453ms
2016-09-19 00:38:52,161 [main] INFO RequestMappingHandlerMapping - Mapped "{[/test/hello],methods=[POST]}" onto public java.lang.String com.example.controller.TestController.hello(com.example.params.TestRequestModel)
2016-09-19 00:38:52,164 [main] INFO RequestMappingHandlerMapping - Mapped "{[/v2/api-docs],methods=[GET]}" onto public org.springframework.http.ResponseEntity<springfox.documentation.spring.web.json.Json> springfox.documentation.swagger2.web.Swagger2Controller.getDocumentation(java.lang.String)
2016-09-19 00:38:52,168 [main] INFO RequestMappingHandlerMapping - Mapped "{[/configuration/security]}" onto org.springframework.http.ResponseEntity<springfox.documentation.swagger.web.SecurityConfiguration> springfox.documentation.swagger.web.ApiResourceController.securityConfiguration()
2016-09-19 00:38:52,169 [main] INFO RequestMappingHandlerMapping - Mapped "{[/configuration/ui]}" onto org.springframework.http.ResponseEntity<springfox.documentation.swagger.web.UiConfiguration> springfox.documentation.swagger.web.ApiResourceController.uiConfiguration()
2016-09-19 00:38:52,169 [main] INFO RequestMappingHandlerMapping - Mapped "{[/swagger-resources]}" onto org.springframework.http.ResponseEntity<java.util.List<springfox.documentation.swagger.web.SwaggerResource>> springfox.documentation.swagger.web.ApiResourceController.swaggerResources()
2016-09-19 00:38:52,176 [main] INFO RequestMappingHandlerMapping - Mapped "{[/error]}" onto public org.springframework.http.ResponseEntity<java.util.Map<java.lang.String, java.lang.Object>> org.springframework.boot.autoconfigure.web.BasicErrorController.error(javax.servlet.http.HttpServletRequest)
2016-09-19 00:38:52,176 [main] INFO RequestMappingHandlerMapping - Mapped "{[/error],produces=[text/html]}" onto public org.springframework.web.servlet.ModelAndView org.springframework.boot.autoconfigure.web.BasicErrorController.errorHtml(javax.servlet.http.HttpServletRequest)
2016-09-19 00:38:52,299 [main] INFO SimpleUrlHandlerMapping - Mapped URL path [/swagger-ui.html] onto handler of type [class org.springframework.web.servlet.resource.ResourceHttpRequestHandler]
2016-09-19 00:38:52,299 [main] INFO SimpleUrlHandlerMapping - Mapped URL path [/webjars/**] onto handler of type [class org.springframework.web.servlet.resource.ResourceHttpRequestHandler]
2016-09-19 00:38:52,476 [main] INFO RequestMappingHandlerAdapter - Looking for @ControllerAdvice: org.springframework.boot.context.embedded.AnnotationConfigEmbeddedWebApplicationContext@75b0127e: startup date [Mon Sep 19 00:38:49 CST 2016]; root of context hierarchy
2016-09-19 00:38:52,532 [main] INFO ExceptionHandlerExceptionResolver - Detected @ExceptionHandler methods in defaultExceptionHandler
2016-09-19 00:38:52,853 [main] INFO AnnotationMBeanExporter - Registering beans for JMX exposure on startup
2016-09-19 00:38:52,863 [main] INFO DocumentationPluginsBootstrapper - Context refreshed
2016-09-19 00:38:52,885 [main] INFO DocumentationPluginsBootstrapper - Found {0} custom documentation plugin(s)
2016-09-19 00:38:52,893 [main] INFO ApiListingReferenceScanner - Scanning for api listing references
2016-09-19 00:38:52,898 [main] INFO ClassOrApiAnnotationResourceGrouping - Group for method hello was 测试控制类
2016-09-19 00:38:52,901 [main] INFO ApiListingReferenceScanner - Request mapping: hello belongs to groups: [[ResourceGroup{groupName='测试控制类', position=0, controller=com.example.controller.TestController}]] 
2016-09-19 00:38:52,906 [main] INFO ApiListingReferenceScanner - Created resource listing Path: /default/测试控制类 Description: 测试控制类 Position: 0
2016-09-19 00:38:52,928 [main] INFO ModelContextKeyGenerator - Cache Key Generated: java.lang.String(true)
2016-09-19 00:38:52,928 [main] INFO CachingAspect - Caching aspect applied for cache models with key java.lang.String(true)
2016-09-19 00:38:52,932 [main] INFO ModelContextKeyGenerator - Cache Key Generated: java.lang.String(true)
2016-09-19 00:38:52,933 [main] INFO CachingAspect - Caching aspect applied for cache modelDependencies with key java.lang.String(true)
2016-09-19 00:38:52,944 [main] INFO ModelContextKeyGenerator - Cache Key Generated: com.example.params.TestRequestModel(false)
2016-09-19 00:38:52,944 [main] INFO CachingAspect - Caching aspect applied for cache models with key com.example.params.TestRequestModel(false)
2016-09-19 00:38:52,946 [main] INFO ModelPropertiesKeyGenerator - Cache key generated: com.example.params.TestRequestModel(false)
2016-09-19 00:38:52,946 [main] INFO CachingAspect - Caching aspect applied for cache modelProperties with key com.example.params.TestRequestModel(false)
2016-09-19 00:38:52,979 [main] INFO ModelContextKeyGenerator - Cache Key Generated: com.example.params.TestRequestModel(false)
2016-09-19 00:38:52,980 [main] INFO CachingAspect - Caching aspect applied for cache modelDependencies with key com.example.params.TestRequestModel(false)
2016-09-19 00:38:52,980 [main] INFO ModelPropertiesKeyGenerator - Cache key generated: com.example.params.TestRequestModel(false)
2016-09-19 00:38:52,980 [main] INFO CachingAspect - Caching aspect applied for cache modelProperties with key com.example.params.TestRequestModel(false)
2016-09-19 00:38:52,982 [main] INFO OperationsKeyGenerator - Cache key generated: /test/hello.com.example.controller.TestController.hello.DefaultGenericTypeNamingStrategy
2016-09-19 00:38:52,982 [main] INFO CachingAspect - Caching aspect applied for cache operations with key /test/hello.com.example.controller.TestController.hello.DefaultGenericTypeNamingStrategy
2016-09-19 00:38:53,001 [main] INFO ClassOrApiAnnotationResourceGrouping - Group for method hello was 测试控制类
2016-09-19 00:38:53,019 [main] INFO ClassOrApiAnnotationResourceGrouping - Group for method hello was 测试控制类
2016-09-19 00:38:53,044 [main] INFO application - Initializing Spring FrameworkServlet 'dispatcherServlet'
2016-09-19 00:38:53,044 [main] INFO DispatcherServlet - FrameworkServlet 'dispatcherServlet': initialization started
2016-09-19 00:38:53,062 [main] INFO DispatcherServlet - FrameworkServlet 'dispatcherServlet': initialization completed in 18 ms
2016-09-19 00:38:53,084 [main] INFO ServerConnector - Started ServerConnector@3125c194{HTTP/1.1}{0.0.0.0:8099}
2016-09-19 00:38:53,087 [main] INFO JettyEmbeddedServletContainer - Jetty started on port(s) 8099 (http/1.1)
2016-09-19 00:38:53,095 [main] INFO SpringBootDemoApplication - Started SpringBootDemoApplication in 4.083 seconds (JVM running for 7.859)
2016-09-19 01:05:20,611 [main] INFO SpringBootDemoApplication - Starting SpringBootDemoApplication on majin-PC with PID 13584 (F:\niiwoo\git\spring-boot-demo\target\classes started by zhaoqiang in F:\niiwoo\git\spring-boot-demo)
2016-09-19 01:05:20,612 [main] INFO SpringBootDemoApplication - No profiles are active
2016-09-19 01:05:20,653 [main] INFO AnnotationConfigEmbeddedWebApplicationContext - Refreshing org.springframework.boot.context.embedded.AnnotationConfigEmbeddedWebApplicationContext@701c6d60: startup date [Mon Sep 19 01:05:20 CST 2016]; root of context hierarchy
2016-09-19 01:05:21,776 [main] INFO AutowiredAnnotationBeanPostProcessor - JSR-330 'javax.inject.Inject' annotation found and supported for autowiring
2016-09-19 01:05:22,399 [main] INFO JettyEmbeddedServletContainerFactory - Server initialized with port: 8099
2016-09-19 01:05:22,404 [main] INFO Server - jetty-9.2.14.v20151106
2016-09-19 01:05:22,500 [main] INFO application - Initializing Spring embedded WebApplicationContext
2016-09-19 01:05:22,501 [main] INFO ContextLoader - Root WebApplicationContext: initialization completed in 1848 ms
2016-09-19 01:05:22,702 [main] INFO FilterRegistrationBean - Mapping filter: 'characterEncodingFilter' to: [/*]
2016-09-19 01:05:22,702 [main] INFO FilterRegistrationBean - Mapping filter: 'charsetFilter' to urls: [/*]
2016-09-19 01:05:22,702 [main] INFO ServletRegistrationBean - Mapping servlet: 'dispatcherServlet' to [/]
2016-09-19 01:05:22,877 [main] INFO ContextHandler - Started o.s.b.c.e.j.JettyEmbeddedWebAppContext@5e3c7ec5{/,file:/C:/Users/zhaoqiang/AppData/Local/Temp/jetty-docbase.5484696594544832940.8099/,AVAILABLE}
2016-09-19 01:05:22,877 [main] INFO Server - Started @6309ms
2016-09-19 01:05:23,368 [main] INFO RequestMappingHandlerMapping - Mapped "{[/test/hello],methods=[POST]}" onto public java.lang.String com.example.controller.TestController.hello(com.example.params.TestRequestModel)
2016-09-19 01:05:23,371 [main] INFO RequestMappingHandlerMapping - Mapped "{[/v2/api-docs],methods=[GET]}" onto public org.springframework.http.ResponseEntity<springfox.documentation.spring.web.json.Json> springfox.documentation.swagger2.web.Swagger2Controller.getDocumentation(java.lang.String)
2016-09-19 01:05:23,375 [main] INFO RequestMappingHandlerMapping - Mapped "{[/configuration/security]}" onto org.springframework.http.ResponseEntity<springfox.documentation.swagger.web.SecurityConfiguration> springfox.documentation.swagger.web.ApiResourceController.securityConfiguration()
2016-09-19 01:05:23,376 [main] INFO RequestMappingHandlerMapping - Mapped "{[/configuration/ui]}" onto org.springframework.http.ResponseEntity<springfox.documentation.swagger.web.UiConfiguration> springfox.documentation.swagger.web.ApiResourceController.uiConfiguration()
2016-09-19 01:05:23,376 [main] INFO RequestMappingHandlerMapping - Mapped "{[/swagger-resources]}" onto org.springframework.http.ResponseEntity<java.util.List<springfox.documentation.swagger.web.SwaggerResource>> springfox.documentation.swagger.web.ApiResourceController.swaggerResources()
2016-09-19 01:05:23,382 [main] INFO RequestMappingHandlerMapping - Mapped "{[/error]}" onto public org.springframework.http.ResponseEntity<java.util.Map<java.lang.String, java.lang.Object>> org.springframework.boot.autoconfigure.web.BasicErrorController.error(javax.servlet.http.HttpServletRequest)
2016-09-19 01:05:23,383 [main] INFO RequestMappingHandlerMapping - Mapped "{[/error],produces=[text/html]}" onto public org.springframework.web.servlet.ModelAndView org.springframework.boot.autoconfigure.web.BasicErrorController.errorHtml(javax.servlet.http.HttpServletRequest)
2016-09-19 01:05:23,510 [main] INFO SimpleUrlHandlerMapping - Mapped URL path [/swagger-ui.html] onto handler of type [class org.springframework.web.servlet.resource.ResourceHttpRequestHandler]
2016-09-19 01:05:23,510 [main] INFO SimpleUrlHandlerMapping - Mapped URL path [/webjars/**] onto handler of type [class org.springframework.web.servlet.resource.ResourceHttpRequestHandler]
2016-09-19 01:05:23,691 [main] INFO RequestMappingHandlerAdapter - Looking for @ControllerAdvice: org.springframework.boot.context.embedded.AnnotationConfigEmbeddedWebApplicationContext@701c6d60: startup date [Mon Sep 19 01:05:20 CST 2016]; root of context hierarchy
2016-09-19 01:05:23,747 [main] INFO ExceptionHandlerExceptionResolver - Detected @ExceptionHandler methods in defaultExceptionHandler
2016-09-19 01:05:24,100 [main] INFO AnnotationMBeanExporter - Registering beans for JMX exposure on startup
2016-09-19 01:05:24,109 [main] INFO DocumentationPluginsBootstrapper - Context refreshed
2016-09-19 01:05:24,130 [main] INFO DocumentationPluginsBootstrapper - Found {0} custom documentation plugin(s)
2016-09-19 01:05:24,137 [main] INFO ApiListingReferenceScanner - Scanning for api listing references
2016-09-19 01:05:24,143 [main] INFO ClassOrApiAnnotationResourceGrouping - Group for method hello was 测试控制类
2016-09-19 01:05:24,145 [main] INFO ApiListingReferenceScanner - Request mapping: hello belongs to groups: [[ResourceGroup{groupName='测试控制类', position=0, controller=com.example.controller.TestController}]] 
2016-09-19 01:05:24,149 [main] INFO ApiListingReferenceScanner - Created resource listing Path: /default/测试控制类 Description: 测试控制类 Position: 0
2016-09-19 01:05:24,167 [main] INFO ModelContextKeyGenerator - Cache Key Generated: java.lang.String(true)
2016-09-19 01:05:24,167 [main] INFO CachingAspect - Caching aspect applied for cache models with key java.lang.String(true)
2016-09-19 01:05:24,171 [main] INFO ModelContextKeyGenerator - Cache Key Generated: java.lang.String(true)
2016-09-19 01:05:24,172 [main] INFO CachingAspect - Caching aspect applied for cache modelDependencies with key java.lang.String(true)
2016-09-19 01:05:24,182 [main] INFO ModelContextKeyGenerator - Cache Key Generated: com.example.params.TestRequestModel(false)
2016-09-19 01:05:24,182 [main] INFO CachingAspect - Caching aspect applied for cache models with key com.example.params.TestRequestModel(false)
2016-09-19 01:05:24,184 [main] INFO ModelPropertiesKeyGenerator - Cache key generated: com.example.params.TestRequestModel(false)
2016-09-19 01:05:24,184 [main] INFO CachingAspect - Caching aspect applied for cache modelProperties with key com.example.params.TestRequestModel(false)
2016-09-19 01:05:24,215 [main] INFO ModelContextKeyGenerator - Cache Key Generated: com.example.params.TestRequestModel(false)
2016-09-19 01:05:24,215 [main] INFO CachingAspect - Caching aspect applied for cache modelDependencies with key com.example.params.TestRequestModel(false)
2016-09-19 01:05:24,216 [main] INFO ModelPropertiesKeyGenerator - Cache key generated: com.example.params.TestRequestModel(false)
2016-09-19 01:05:24,216 [main] INFO CachingAspect - Caching aspect applied for cache modelProperties with key com.example.params.TestRequestModel(false)
2016-09-19 01:05:24,217 [main] INFO OperationsKeyGenerator - Cache key generated: /test/hello.com.example.controller.TestController.hello.DefaultGenericTypeNamingStrategy
2016-09-19 01:05:24,217 [main] INFO CachingAspect - Caching aspect applied for cache operations with key /test/hello.com.example.controller.TestController.hello.DefaultGenericTypeNamingStrategy
2016-09-19 01:05:24,235 [main] INFO ClassOrApiAnnotationResourceGrouping - Group for method hello was 测试控制类
2016-09-19 01:05:24,252 [main] INFO ClassOrApiAnnotationResourceGrouping - Group for method hello was 测试控制类
2016-09-19 01:05:24,278 [main] INFO application - Initializing Spring FrameworkServlet 'dispatcherServlet'
2016-09-19 01:05:24,278 [main] INFO DispatcherServlet - FrameworkServlet 'dispatcherServlet': initialization started
2016-09-19 01:05:24,293 [main] INFO DispatcherServlet - FrameworkServlet 'dispatcherServlet': initialization completed in 15 ms
2016-09-19 01:05:24,313 [main] INFO ServerConnector - Started ServerConnector@38647b84{HTTP/1.1}{0.0.0.0:8099}
2016-09-19 01:05:24,316 [main] INFO JettyEmbeddedServletContainer - Jetty started on port(s) 8099 (http/1.1)
2016-09-19 01:05:24,323 [main] INFO SpringBootDemoApplication - Started SpringBootDemoApplication in 4.143 seconds (JVM running for 7.755)
2016-09-19 01:05:33,033 [qtp1160056350-18] WARN PageNotFound - No mapping found for HTTP request with URI [/images/favicon-16x16.png] in DispatcherServlet with name 'dispatcherServlet'
